chunk-4NCRLN43.js?v=9a0e93de:28429 Download the React DevTools for a better development experience: https://reactjs.org/link/react-devtools
react-router-dom.js?v=9a0e93de:553 No routes matched location "/player/6kb98f?resume=0" 
warning @ react-router-dom.js?v=9a0e93de:553
useRoutesImpl @ react-router-dom.js?v=9a0e93de:5516
useRoutes @ react-router-dom.js?v=9a0e93de:5468
Routes @ react-router-dom.js?v=9a0e93de:6521
renderWithHooks @ chunk-4NCRLN43.js?v=9a0e93de:18426
mountIndeterminateComponent @ chunk-4NCRLN43.js?v=9a0e93de:21804
beginWork @ chunk-4NCRLN43.js?v=9a0e93de:22792
beginWork$1 @ chunk-4NCRLN43.js?v=9a0e93de:26631
performUnitOfWork @ chunk-4NCRLN43.js?v=9a0e93de:26076
workLoopSync @ chunk-4NCRLN43.js?v=9a0e93de:26015
renderRootSync @ chunk-4NCRLN43.js?v=9a0e93de:25994
performConcurrentWorkOnRoot @ chunk-4NCRLN43.js?v=9a0e93de:25556
workLoop @ chunk-4NCRLN43.js?v=9a0e93de:462
flushWork @ chunk-4NCRLN43.js?v=9a0e93de:441
performWorkUntilDeadline @ chunk-4NCRLN43.js?v=9a0e93de:649
Show 15 more frames
Show less
react-router-dom.js?v=9a0e93de:553 No routes matched location "/player/6kb98f?resume=0" 
warning @ react-router-dom.js?v=9a0e93de:553
useRoutesImpl @ react-router-dom.js?v=9a0e93de:5516
useRoutes @ react-router-dom.js?v=9a0e93de:5468
Routes @ react-router-dom.js?v=9a0e93de:6521
renderWithHooks @ chunk-4NCRLN43.js?v=9a0e93de:18426
mountIndeterminateComponent @ chunk-4NCRLN43.js?v=9a0e93de:21854
beginWork @ chunk-4NCRLN43.js?v=9a0e93de:22792
beginWork$1 @ chunk-4NCRLN43.js?v=9a0e93de:26631
performUnitOfWork @ chunk-4NCRLN43.js?v=9a0e93de:26076
workLoopSync @ chunk-4NCRLN43.js?v=9a0e93de:26015
renderRootSync @ chunk-4NCRLN43.js?v=9a0e93de:25994
performConcurrentWorkOnRoot @ chunk-4NCRLN43.js?v=9a0e93de:25556
workLoop @ chunk-4NCRLN43.js?v=9a0e93de:462
flushWork @ chunk-4NCRLN43.js?v=9a0e93de:441
performWorkUntilDeadline @ chunk-4NCRLN43.js?v=9a0e93de:649
Show 15 more frames
Show less
